<?xml version="1.0" encoding="UTF-8"?>
<!-- Generated by org.testng.reporters.JUnitReportReporter -->
<testsuite skipped="0" hostname="DESKTOP-J5095UJ" name="seleniumDemo.Logingtest3" tests="1" failures="0" timestamp="2020-09-27T22:53:37 EDT" time="21.500" errors="0">
  <testcase name="loginTest3" time="21.500" classname="seleniumDemo.Logingtest3"/>
</testsuite> <!-- seleniumDemo.Logingtest3 -->
