<?xml version="1.0" encoding="UTF-8"?>
<!-- Generated by org.testng.reporters.JUnitReportReporter -->
<testsuite skipped="0" hostname="DESKTOP-J5095UJ" name="learnTestNG.amazontestcase" tests="1" failures="0" timestamp="2020-10-07T00:50:51 EDT" time="10.995" errors="0">
  <testcase name="Amazontestcase" time="10.995" classname="learnTestNG.amazontestcase"/>
</testsuite> <!-- learnTestNG.amazontestcase -->
