<?xml version="1.0" encoding="UTF-8"?>
<!-- Generated by org.testng.reporters.JUnitReportReporter -->
<testsuite skipped="0" hostname="DESKTOP-J5095UJ" name="wrapper2.CreateLead3" tests="2" failures="0" timestamp="2020-10-25T17:38:40 EDT" time="36.798" errors="0">
  <testcase name="CreateLead" time="19.255" classname="wrapper2.CreateLead3"/>
  <testcase name="CreateLead" time="17.543" classname="wrapper2.CreateLead3"/>
</testsuite> <!-- wrapper2.CreateLead3 -->
