<?xml version="1.0" encoding="UTF-8"?>
<!-- Generated by org.testng.reporters.JUnitReportReporter -->
<testsuite skipped="0" hostname="DESKTOP-J5095UJ" name="learnTestNG.LogingTest" tests="1" failures="0" timestamp="2020-10-07T00:50:51 EDT" time="14.162" errors="0">
  <testcase name="logingTest" time="14.162" classname="learnTestNG.LogingTest"/>
</testsuite> <!-- learnTestNG.LogingTest -->
