<?xml version="1.0" encoding="UTF-8"?>
<!-- Generated by org.testng.reporters.JUnitReportReporter -->
<testsuite skipped="0" hostname="DESKTOP-J5095UJ" name="learnTestNG.TestNGAnnotation" tests="3" failures="0" timestamp="2020-10-03T19:04:53 EDT" time="0.009" errors="0">
  <testcase name="test1" time="0.005" classname="learnTestNG.TestNGAnnotation"/>
  <testcase name="test2" time="0.002" classname="learnTestNG.TestNGAnnotation"/>
  <testcase name="test3" time="0.002" classname="learnTestNG.TestNGAnnotation"/>
</testsuite> <!-- learnTestNG.TestNGAnnotation -->
