<?xml version="1.0" encoding="UTF-8"?>
<!-- Generated by org.testng.reporters.JUnitReportReporter -->
<testsuite skipped="0" hostname="DESKTOP-J5095UJ" name="wrapper2.editLead" tests="1" failures="0" timestamp="2020-10-25T17:38:40 EDT" time="25.229" errors="0">
  <testcase name="editLead" time="25.229" classname="wrapper2.editLead"/>
</testsuite> <!-- wrapper2.editLead -->
