<?xml version="1.0" encoding="UTF-8"?>
<!-- Generated by org.testng.reporters.JUnitReportReporter -->
<testsuite skipped="0" hostname="DESKTOP-J5095UJ" name="learnInterface2.TC001_Login" tests="1" failures="0" timestamp="2020-11-10T21:20:37 EST" time="43.455" errors="0">
  <testcase name="login" time="43.455" classname="learnInterface2.TC001_Login"/>
</testsuite> <!-- learnInterface2.TC001_Login -->
