<?xml version="1.0" encoding="UTF-8"?>
<!-- Generated by org.testng.reporters.JUnitReportReporter -->
<testsuite skipped="0" hostname="DESKTOP-J5095UJ" name="learnTestNG.CreateLead" tests="1" failures="0" timestamp="2020-10-05T19:34:44 EDT" time="26.760" errors="0">
  <testcase name="createLead" time="26.760" classname="learnTestNG.CreateLead"/>
</testsuite> <!-- learnTestNG.CreateLead -->
