<?xml version="1.0" encoding="UTF-8"?>
<!-- Generated by org.testng.reporters.JUnitReportReporter -->
<testsuite skipped="0" hostname="DESKTOP-J5095UJ" name="utils2.CreateLead3" tests="4" failures="0" timestamp="2020-10-26T20:38:26 EDT" time="101.267" errors="0">
  <testcase name="CreateLead" time="23.810" classname="utils2.CreateLead3"/>
  <testcase name="CreateLead" time="27.122" classname="utils2.CreateLead3"/>
  <testcase name="CreateLead" time="20.743" classname="utils2.CreateLead3"/>
  <testcase name="CreateLead" time="29.592" classname="utils2.CreateLead3"/>
</testsuite> <!-- utils2.CreateLead3 -->
