<?xml version="1.0" encoding="UTF-8"?>
<!-- Generated by org.testng.reporters.JUnitReportReporter -->
<testsuite skipped="0" hostname="DESKTOP-J5095UJ" name="utils.CreateLead3" tests="4" failures="0" timestamp="2020-10-26T20:34:51 EDT" time="129.597" errors="0">
  <testcase name="CreateLead" time="41.105" classname="utils.CreateLead3"/>
  <testcase name="CreateLead" time="26.278" classname="utils.CreateLead3"/>
  <testcase name="CreateLead" time="29.468" classname="utils.CreateLead3"/>
  <testcase name="CreateLead" time="32.746" classname="utils.CreateLead3"/>
</testsuite> <!-- utils.CreateLead3 -->
